Building DAG of jobs...
Using shell: /usr/bin/bash
Provided cores: 1
Rules claiming more threads will be scaled down.
Job counts:
	count	jobs
	1	all
	1	annotate
	3	bwa_map
	1	samtools_merge_bam
	1	samtools_rmdup
	3	samtools_sort_bam
	1	snp_indel_calling
	11

Job 9: ############ start bwa mapping ####################
Reason: Missing output files: mapping/KPGP-00001/KPGP-00001_L3.bam

bwa mem -t 1 -M /DataBase/Human/hg19/refgenome/hg19.fa rawdata/KPGP-00001/KPGP-00001_L3_R1.fq rawdata/KPGP-00001/KPGP-00001_L3_R2.fq | samtools view -b -S -t /DataBase/Human/hg19/refgenome/hg19.fa.fai > mapping/KPGP-00001/KPGP-00001_L3.bam 1>log/KPGP-00001_bwa_map.log 2>&1
Finished job 9.
1 of 11 steps (9%) done

Job 10: ############ start bwa mapping ####################
Reason: Missing output files: mapping/KPGP-00001/KPGP-00001_L4.bam

bwa mem -t 1 -M /DataBase/Human/hg19/refgenome/hg19.fa rawdata/KPGP-00001/KPGP-00001_L4_R1.fq rawdata/KPGP-00001/KPGP-00001_L4_R2.fq | samtools view -b -S -t /DataBase/Human/hg19/refgenome/hg19.fa.fai > mapping/KPGP-00001/KPGP-00001_L4.bam 1>log/KPGP-00001_bwa_map.log 2>&1
Finished job 10.
2 of 11 steps (18%) done

Job 8: ############ start bwa mapping ####################
Reason: Missing output files: mapping/KPGP-00001/KPGP-00001_L2.bam

bwa mem -t 1 -M /DataBase/Human/hg19/refgenome/hg19.fa rawdata/KPGP-00001/KPGP-00001_L2_R1.fq rawdata/KPGP-00001/KPGP-00001_L2_R2.fq | samtools view -b -S -t /DataBase/Human/hg19/refgenome/hg19.fa.fai > mapping/KPGP-00001/KPGP-00001_L2.bam 1>log/KPGP-00001_bwa_map.log 2>&1
Finished job 8.
3 of 11 steps (27%) done

Job 5: ############## start sorting bam #####################
Reason: Missing output files: mapping/KPGP-00001/KPGP-00001_L2.bam.sort; Input files updated by another job: mapping/KPGP-00001/KPGP-00001_L2.bam

samtools sort -@ 1 -m 4G mapping/KPGP-00001/KPGP-00001_L2.bam -o mapping/KPGP-00001/KPGP-00001_L2.bam.sort 1>log/KPGP-00001_samtools_sort_bam.log 2>&1
Removing temporary output file mapping/KPGP-00001/KPGP-00001_L2.bam.
Finished job 5.
4 of 11 steps (36%) done

Job 7: ############## start sorting bam #####################
Reason: Missing output files: mapping/KPGP-00001/KPGP-00001_L4.bam.sort; Input files updated by another job: mapping/KPGP-00001/KPGP-00001_L4.bam

samtools sort -@ 1 -m 4G mapping/KPGP-00001/KPGP-00001_L4.bam -o mapping/KPGP-00001/KPGP-00001_L4.bam.sort 1>log/KPGP-00001_samtools_sort_bam.log 2>&1
Removing temporary output file mapping/KPGP-00001/KPGP-00001_L4.bam.
Finished job 7.
5 of 11 steps (45%) done

Job 6: ############## start sorting bam #####################
Reason: Missing output files: mapping/KPGP-00001/KPGP-00001_L3.bam.sort; Input files updated by another job: mapping/KPGP-00001/KPGP-00001_L3.bam

samtools sort -@ 1 -m 4G mapping/KPGP-00001/KPGP-00001_L3.bam -o mapping/KPGP-00001/KPGP-00001_L3.bam.sort 1>log/KPGP-00001_samtools_sort_bam.log 2>&1
Removing temporary output file mapping/KPGP-00001/KPGP-00001_L3.bam.
Finished job 6.
6 of 11 steps (55%) done

Job 4: ################ merge bam from lanes ###############
Reason: Missing output files: mapping/KPGP-00001/KPGP-00001.sort.merge.bam; Input files updated by another job: mapping/KPGP-00001/KPGP-00001_L2.bam.sort, mapping/KPGP-00001/KPGP-00001_L3.bam.sort, mapping/KPGP-00001/KPGP-00001_L4.bam.sort


        LANE_NUM=3
        if [[ $LANE_NUM -gt 1 ]];
        then 
            samtools merge -l 9 -@ 1 -h mapping/KPGP-00001/KPGP-00001_L2.bam.sort mapping/KPGP-00001/KPGP-00001.sort.merge.bam mapping/KPGP-00001/KPGP-00001_L2.bam.sort mapping/KPGP-00001/KPGP-00001_L3.bam.sort mapping/KPGP-00001/KPGP-00001_L4.bam.sort 1>log/KPGP-00001_samtools_merge_bam.log 2>&1
        else
            mv mapping/KPGP-00001/KPGP-00001_L2.bam.sort mapping/KPGP-00001/KPGP-00001_L3.bam.sort mapping/KPGP-00001/KPGP-00001_L4.bam.sort mapping/KPGP-00001/KPGP-00001.sort.merge.bam
        fi
        
Removing temporary output file mapping/KPGP-00001/KPGP-00001_L2.bam.sort.
Removing temporary output file mapping/KPGP-00001/KPGP-00001_L3.bam.sort.
Removing temporary output file mapping/KPGP-00001/KPGP-00001_L4.bam.sort.
Finished job 4.
7 of 11 steps (64%) done

Job 3: ################ remove duplicates ################
Reason: Missing output files: mapping/KPGP-00001/KPGP-00001_final.bam; Input files updated by another job: mapping/KPGP-00001/KPGP-00001.sort.merge.bam

samtools rmdup -S mapping/KPGP-00001/KPGP-00001.sort.merge.bam mapping/KPGP-00001/KPGP-00001_final.bam && samtools index mapping/KPGP-00001/KPGP-00001_final.bam mapping/KPGP-00001/KPGP-00001_final.bam.bai 1>log/KPGP-00001_samtools_rmdup.log 2>&1
Error in rule samtools_rmdup:
    jobid: 3
    output: mapping/KPGP-00001/KPGP-00001_final.bam, mapping/KPGP-00001/KPGP-00001_final.bam.bai
    log: log/KPGP-00001_samtools_rmdup.log

RuleException:
CalledProcessError in line 86 of /home/sxuan/mypipe/example/wgs.py:
Command ' set -euo pipefail;  samtools rmdup -S mapping/KPGP-00001/KPGP-00001.sort.merge.bam mapping/KPGP-00001/KPGP-00001_final.bam && samtools index mapping/KPGP-00001/KPGP-00001_final.bam mapping/KPGP-00001/KPGP-00001_final.bam.bai 1>log/KPGP-00001_samtools_rmdup.log 2>&1 ' returned non-zero exit status 1.
  File "/home/sxuan/mypipe/example/wgs.py", line 86, in __rule_samtools_rmdup
  File "/opt/anaconda/lib/python3.6/concurrent/futures/thread.py", line 55, in run
Will exit after finishing currently running jobs.
Shutting down, this might take some time.
Exiting because a job execution failed. Look above for error message
Complete log: /home/sxuan/mypipe/example/.snakemake/log/2018-02-03T151831.907801.snakemake.log
